# JRE version: OpenJDK Runtime Environment (8.0_152-b01) (build 1.8.0_152-release-915-b01)
# Java VM: OpenJDK 64-Bit Server VM (25.152-b01 mixed mode windows-amd64 compressed oops)
Heap:
 PSYoungGen      total 193536K, used 147784K [0x00000000e0000000, 0x00000000eee80000, 0x0000000100000000)
  eden space 153088K, 87% used [0x00000000e0000000,0x00000000e8253588,0x00000000e9580000)
  from space 40448K, 35% used [0x00000000e9580000,0x00000000ea37ec50,0x00000000ebd00000)
  to   space 37888K, 0% used [0x00000000ec980000,0x00000000ec980000,0x00000000eee80000)
 ParOldGen       total 96768K, used 10243K [0x00000000a0000000, 0x00000000a5e80000, 0x00000000e0000000)
  object space 96768K, 10% used [0x00000000a0000000,0x00000000a0a00f30,0x00000000a5e80000)
 Metaspace       used 55653K, capacity 56760K, committed 58752K, reserved 1101824K
  class space    used 6510K, capacity 6774K, committed 7296K, reserved 1048576K
GC Heap History (10 events):
Event: 1239.540 GC heap before
{Heap before GC invocations=19 (full 3):
 PSYoungGen      total 144896K, used 138503K [0x00000000e0000000, 0x00000000ed100000, 0x0000000100000000)
  eden space 111616K, 100% used [0x00000000e0000000,0x00000000e6d00000,0x00000000e6d00000)
  from space 33280K, 80% used [0x00000000e6d00000,0x00000000e8741df0,0x00000000e8d80000)
  to   space 36352K, 0% used [0x00000000ead80000,0x00000000ead80000,0x00000000ed100000)
 ParOldGen       total 96768K, used 37124K [0x00000000a0000000, 0x00000000a5e80000, 0x00000000e0000000)
  object space 96768K, 38% used [0x00000000a0000000,0x00000000a2441050,0x00000000a5e80000)
 Metaspace       used 56129K, capacity 57582K, committed 57856K, reserved 1099776K
  class space    used 6707K, capacity 7085K, committed 7168K, reserved 1048576K
Event: 1239.589 GC heap after
Heap after GC invocations=19 (full 3):
 PSYoungGen      total 172544K, used 26347K [0x00000000e0000000, 0x00000000ed080000, 0x0000000100000000)
  eden space 136704K, 0% used [0x00000000e0000000,0x00000000e0000000,0x00000000e8580000)
  from space 35840K, 73% used [0x00000000ead80000,0x00000000ec73adb8,0x00000000ed080000)
  to   space 38400K, 0% used [0x00000000e8580000,0x00000000e8580000,0x00000000eab00000)
 ParOldGen       total 96768K, used 37132K [0x00000000a0000000, 0x00000000a5e80000, 0x00000000e0000000)
  object space 96768K, 38% used [0x00000000a0000000,0x00000000a2443050,0x00000000a5e80000)
 Metaspace       used 56129K, capacity 57582K, committed 57856K, reserved 1099776K
  class space    used 6707K, capacity 7085K, committed 7168K, reserved 1048576K
}
Event: 5436.641 GC heap before
{Heap before GC invocations=20 (full 3):
 PSYoungGen      total 172544K, used 163051K [0x00000000e0000000, 0x00000000ed080000, 0x0000000100000000)
  eden space 136704K, 100% used [0x00000000e0000000,0x00000000e8580000,0x00000000e8580000)
  from space 35840K, 73% used [0x00000000ead80000,0x00000000ec73adb8,0x00000000ed080000)
  to   space 38400K, 0% used [0x00000000e8580000,0x00000000e8580000,0x00000000eab00000)
 ParOldGen       total 96768K, used 37132K [0x00000000a0000000, 0x00000000a5e80000, 0x00000000e0000000)
  object space 96768K, 38% used [0x00000000a0000000,0x00000000a2443050,0x00000000a5e80000)
 Metaspace       used 56864K, capacity 58424K, committed 58752K, reserved 1101824K
  class space    used 6770K, capacity 7192K, committed 7296K, reserved 1048576K
Event: 5437.005 GC heap after
Heap after GC invocations=20 (full 3):
 PSYoungGen      total 175104K, used 26045K [0x00000000e0000000, 0x00000000ee400000, 0x0000000100000000)
  eden space 136704K, 0% used [0x00000000e0000000,0x00000000e0000000,0x00000000e8580000)
  from space 38400K, 67% used [0x00000000e8580000,0x00000000e9eef658,0x00000000eab00000)
  to   space 39936K, 0% used [0x00000000ebd00000,0x00000000ebd00000,0x00000000ee400000)
 ParOldGen       total 96768K, used 37140K [0x00000000a0000000, 0x00000000a5e80000, 0x00000000e0000000)
  object space 96768K, 38% used [0x00000000a0000000,0x00000000a2445050,0x00000000a5e80000)
 Metaspace       used 56864K, capacity 58424K, committed 58752K, reserved 1101824K
  class space    used 6770K, capacity 7192K, committed 7296K, reserved 1048576K
}
Event: 5561.173 GC heap before
{Heap before GC invocations=21 (full 3):
 PSYoungGen      total 175104K, used 44724K [0x00000000e0000000, 0x00000000ee400000, 0x0000000100000000)
  eden space 136704K, 13% used [0x00000000e0000000,0x00000000e123dad0,0x00000000e8580000)
  from space 38400K, 67% used [0x00000000e8580000,0x00000000e9eef658,0x00000000eab00000)
  to   space 39936K, 0% used [0x00000000ebd00000,0x00000000ebd00000,0x00000000ee400000)
 ParOldGen       total 96768K, used 37140K [0x00000000a0000000, 0x00000000a5e80000, 0x00000000e0000000)
  object space 96768K, 38% used [0x00000000a0000000,0x00000000a2445050,0x00000000a5e80000)
 Metaspace       used 56966K, capacity 58488K, committed 58752K, reserved 1101824K
  class space    used 6779K, capacity 7192K, committed 7296K, reserved 1048576K
Event: 5561.286 GC heap after
Heap after GC invocations=21 (full 3):
 PSYoungGen      total 193024K, used 1509K [0x00000000e0000000, 0x00000000ee500000, 0x0000000100000000)
  eden space 153088K, 0% used [0x00000000e0000000,0x00000000e0000000,0x00000000e9580000)
  from space 39936K, 3% used [0x00000000ebd00000,0x00000000ebe79598,0x00000000ee400000)
  to   space 40448K, 0% used [0x00000000e9580000,0x00000000e9580000,0x00000000ebd00000)
 ParOldGen       total 96768K, used 37148K [0x00000000a0000000, 0x00000000a5e80000, 0x00000000e0000000)
  object space 96768K, 38% used [0x00000000a0000000,0x00000000a2447050,0x00000000a5e80000)
 Metaspace       used 56966K, capacity 58488K, committed 58752K, reserved 1101824K
  class space    used 6779K, capacity 7192K, committed 7296K, reserved 1048576K
}
Event: 5561.286 GC heap before
{Heap before GC invocations=22 (full 4):
 PSYoungGen      total 193024K, used 1509K [0x00000000e0000000, 0x00000000ee500000, 0x0000000100000000)
  eden space 153088K, 0% used [0x00000000e0000000,0x00000000e0000000,0x00000000e9580000)
  from space 39936K, 3% used [0x00000000ebd00000,0x00000000ebe79598,0x00000000ee400000)
  to   space 40448K, 0% used [0x00000000e9580000,0x00000000e9580000,0x00000000ebd00000)
 ParOldGen       total 96768K, used 37148K [0x00000000a0000000, 0x00000000a5e80000, 0x00000000e0000000)
  object space 96768K, 38% used [0x00000000a0000000,0x00000000a2447050,0x00000000a5e80000)
 Metaspace       used 56966K, capacity 58488K, committed 58752K, reserved 1101824K
  class space    used 6779K, capacity 7192K, committed 7296K, reserved 1048576K
Event: 5563.866 GC heap after
Heap after GC invocations=22 (full 4):
 PSYoungGen      total 193024K, used 0K [0x00000000e0000000, 0x00000000ee500000, 0x0000000100000000)
  eden space 153088K, 0% used [0x00000000e0000000,0x00000000e0000000,0x00000000e9580000)
  from space 39936K, 0% used [0x00000000ebd00000,0x00000000ebd00000,0x00000000ee400000)
  to   space 40448K, 0% used [0x00000000e9580000,0x00000000e9580000,0x00000000ebd00000)
 ParOldGen       total 96768K, used 10235K [0x00000000a0000000, 0x00000000a5e80000, 0x00000000e0000000)
  object space 96768K, 10% used [0x00000000a0000000,0x00000000a09fef30,0x00000000a5e80000)
 Metaspace       used 54209K, capacity 55118K, committed 58752K, reserved 1101824K
  class space    used 6390K, capacity 6601K, committed 7296K, reserved 1048576K
}
Event: 5795.051 GC heap before
{Heap before GC invocations=23 (full 4):
 PSYoungGen      total 193024K, used 153088K [0x00000000e0000000, 0x00000000ee500000, 0x0000000100000000)
  eden space 153088K, 100% used [0x00000000e0000000,0x00000000e9580000,0x00000000e9580000)
  from space 39936K, 0% used [0x00000000ebd00000,0x00000000ebd00000,0x00000000ee400000)
  to   space 40448K, 0% used [0x00000000e9580000,0x00000000e9580000,0x00000000ebd00000)
 ParOldGen       total 96768K, used 10235K [0x00000000a0000000, 0x00000000a5e80000, 0x00000000e0000000)
  object space 96768K, 10% used [0x00000000a0000000,0x00000000a09fef30,0x00000000a5e80000)
 Metaspace       used 55229K, capacity 56354K, committed 58752K, reserved 1101824K
  class space    used 6481K, capacity 6735K, committed 7296K, reserved 1048576K
Event: 5795.083 GC heap after
Heap after GC invocations=23 (full 4):
 PSYoungGen      total 193536K, used 14331K [0x00000000e0000000, 0x00000000eee80000, 0x0000000100000000)
  eden space 153088K, 0% used [0x00000000e0000000,0x00000000e0000000,0x00000000e9580000)
  from space 40448K, 35% used [0x00000000e9580000,0x00000000ea37ec50,0x00000000ebd00000)
  to   space 37888K, 0% used [0x00000000ec980000,0x00000000ec980000,0x00000000eee80000)
 ParOldGen       total 96768K, used 10243K [0x00000000a0000000, 0x00000000a5e80000, 0x00000000e0000000)
  object space 96768K, 10% used [0x00000000a0000000,0x00000000a0a00f30,0x00000000a5e80000)
 Metaspace       used 55229K, capacity 56354K, committed 58752K, reserved 1101824K
  class space    used 6481K, capacity 6735K, committed 7296K, reserved 1048576K
}

